(---------------------------------------------------------------------)
(                                                                     )
(    Allegro Netrev Import Logic                                      )
(                                                                     )
(    Drawing          : AVRUSB5.brd                                   )
(    Software Version : 17.2P019                                      )
(    Date/Time        : Mon Jul 29 11:51:45 2019                      )
(                                                                     )
(---------------------------------------------------------------------)


------ Directives ------------

Ripup etch:                  No
Ripup delete first segment:  No
Ripup retain bondwire:       No
Ripup symbols:               Always
Missing symbol has error:    No
DRC update:                  Yes
Schematic directory:         'C:\USERS\USER\DESKTOP\WORK\¶äºÎ±â\allegro'
Design Directory:            '.'
Old design name:             'AVRUSB5.brd'
New design name:             'AVRUSB5.brd'

CmdLine: netrev.exe -y 1 -n -i C:\USERS\USER\DESKTOP\WORK\¶äºÎ±â\allegro C:\USERS\USER\DESKTOP\WORK\¶äºÎ±â\allegro\AVRUSB5.brd C:\USERS\USER\DESKTOP\WORK\¶äºÎ±â\allegro\AVRUSB5.brd

------ Preparing to read pst files ------

Starting to read C:/USERS/USER/DESKTOP/WORK/¶äºÎ±â/allegro/pstchip.dat 
   Finished reading C:/USERS/USER/DESKTOP/WORK/¶äºÎ±â/allegro/pstchip.dat (00:00:00.03)
Starting to read C:/USERS/USER/DESKTOP/WORK/¶äºÎ±â/allegro/pstxprt.dat 
   Finished reading C:/USERS/USER/DESKTOP/WORK/¶äºÎ±â/allegro/pstxprt.dat (00:00:00.00)
Starting to read C:/USERS/USER/DESKTOP/WORK/¶äºÎ±â/allegro/pstxnet.dat 
   Finished reading C:/USERS/USER/DESKTOP/WORK/¶äºÎ±â/allegro/pstxnet.dat (00:00:00.00)

------ Oversights/Warnings/Errors ------


#1   WARNING(SPMHNI-192): Device/Symbol check warning detected. [help]

WARNING(SPMHNI-194): Symbol 'JEDECMS026' used by RefDes U1 for device 'FT232BM_2_QUAD80M32WG900_FT232B' not found in PSMPATH or must be "dbdoctor"ed.

------ Library Paths ------
MODULEPATH =  . 
           C:/Cadence/SPB_17.2/share/local/pcb/modules 

PSMPATH =  . 
           symbols 
           .. 
           ../symbols 
           C:/Cadence/SPB_17.2/share/local/pcb/symbols 
           C:/Cadence/SPB_17.2/share/pcb/pcb_lib/symbols 
           C:/Cadence/SPB_17.2/share/pcb/allegrolib/symbols 
           C:/USERS/USER/DESKTOP/WORK/PCB_LIB/PSM/ 

PADPATH =  . 
           symbols 
           .. 
           ../symbols 
           C:/Cadence/SPB_17.2/share/local/pcb/padstacks 
           C:/Cadence/SPB_17.2/share/pcb/pcb_lib/symbols 
           C:/Cadence/SPB_17.2/share/pcb/allegrolib/symbols 
           C:/Users/user/Desktop/work/PCB_lib/pad/ 


------ Summary Statistics ------


netrev run on Jul 29 11:51:45 2019
   DESIGN NAME : 'AVRUSB500'
   PACKAGING ON Mar  2 2016 00:37:24

   COMPILE 'logic'
   CHECK_PIN_NAMES OFF
   CROSS_REFERENCE OFF
   FEEDBACK OFF
   INCREMENTAL OFF
   INTERFACE_TYPE PHYSICAL
   MAX_ERRORS 500
   MERGE_MINIMUM 5
   NET_NAME_CHARS '#%&()*+-./:=>?@[]^_`|'
   NET_NAME_LENGTH 24
   OVERSIGHTS ON
   REPLACE_CHECK OFF
   SINGLE_NODE_NETS ON
   SPLIT_MINIMUM 0
   SUPPRESS   20
   WARNINGS ON

 No error detected
 No oversight detected
  1 warnings detected

cpu time      0:00:43
elapsed time  0:00:01

